<?xml version="1.0" encoding="UTF-8"?>
<!-- Generated by org.testng.reporters.JUnitReportReporter -->
<testsuite hostname="LAPTOP-G4U5KAR8" failures="0" tests="1" name="com.testscenarios.syncButtonFunctionality" time="10.349" errors="0" timestamp="4 Jul 2021 13:30:14 GMT">
  <testcase classname="com.testscenarios.syncButtonFunctionality" name="test_syncButtonFunctionality" time="10.349"/>
</testsuite> <!-- com.testscenarios.syncButtonFunctionality -->
