<?xml version="1.0" encoding="UTF-8"?>
<!-- Generated by org.testng.reporters.JUnitReportReporter -->
<testsuite hostname="LAPTOP-G4U5KAR8" failures="0" tests="1" name="com.testscenarios.FollowUpFormSubmit" time="21.758" errors="0" timestamp="4 Jul 2021 13:30:14 GMT">
  <testcase classname="com.testscenarios.FollowUpFormSubmit" name="test_FollowUpFormSubmit" time="21.758"/>
</testsuite> <!-- com.testscenarios.FollowUpFormSubmit -->
